2026-03-05 08:40:39  === GPU Recovery Check ===
2026-03-05 08:40:39  Device: PCI\VEN_1002&DEV_7551&SUBSYS_242F1458&REV_C0\6&385CDE9A&0&00000009
2026-03-05 08:40:39  Driver: AMD Radeon AI PRO R9700
2026-03-05 08:40:39  Status: OK
2026-03-05 08:40:39  AMD driver is running normally. No recovery needed.
2026-03-05 08:44:01  === GPU Recovery Check ===
2026-03-05 08:44:03  Device: PCI\VEN_1002&DEV_7551&SUBSYS_242F1458&REV_C0\6&385CDE9A&0&00000009
2026-03-05 08:44:03  Driver: AMD Radeon AI PRO R9700
2026-03-05 08:44:03  Status: OK
2026-03-05 08:44:03  AMD driver is running normally. No recovery needed.
2026-03-05 08:54:41  === GPU Recovery Check ===
2026-03-05 08:54:43  Device: PCI\VEN_1002&DEV_7551&SUBSYS_242F1458&REV_C0\6&385CDE9A&0&00000009
2026-03-05 08:54:43  Driver: AMD Radeon AI PRO R9700
2026-03-05 08:54:43  Status: OK
2026-03-05 08:54:43  AMD driver is running normally. No recovery needed.
2026-03-05 01:14:06  === GPU Recovery Check ===
2026-03-05 01:14:08  Device: PCI\VEN_1002&DEV_7551&SUBSYS_242F1458&REV_C0\6&385CDE9A&0&00000009
2026-03-05 01:14:08  Driver: AMD Radeon AI PRO R9700
2026-03-05 01:14:08  Status: OK
2026-03-05 01:14:08  AMD driver is running normally. No recovery needed.
2026-03-05 01:43:52  === GPU Recovery Check ===
2026-03-05 01:45:08  Device: PCI\VEN_1002&DEV_7551&SUBSYS_242F1458&REV_C0\6&385CDE9A&0&00000009
2026-03-05 01:45:08  Driver: AMD Radeon AI PRO R9700
2026-03-05 01:45:08  Status: ERROR:CM_PROB_DISABLED
2026-03-05 01:45:08  Device is unhealthy (ERROR:CM_PROB_DISABLED). Starting recovery...
2026-03-05 01:45:08  Restoring AMD display driver...
2026-03-05 01:57:09  === GPU Recovery Check ===
2026-03-05 01:57:11  Device: PCI\VEN_1002&DEV_7551&SUBSYS_242F1458&REV_C0\6&385CDE9A&0&00000009
2026-03-05 01:57:11  Driver: AMD Radeon AI PRO R9700
2026-03-05 01:57:11  Status: OK
2026-03-05 01:57:11  AMD driver is running normally. No recovery needed.
2026-03-05 02:13:15  === GPU Recovery Check ===
2026-03-05 02:13:17  Device: PCI\VEN_1002&DEV_7551&SUBSYS_242F1458&REV_C0\6&385CDE9A&0&00000009
2026-03-05 02:13:17  Driver: AMD Radeon AI PRO R9700
2026-03-05 02:13:17  Status: OK
2026-03-05 02:13:17  AMD driver is running normally. No recovery needed.
2026-03-05 10:45:24  === GPU Recovery Check ===
2026-03-05 10:45:27  Device: PCI\VEN_1002&DEV_7551&SUBSYS_242F1458&REV_C0\6&385CDE9A&0&00000009
2026-03-05 10:45:27  Driver: AMD Radeon AI PRO R9700
2026-03-05 10:45:27  Status: OK
2026-03-05 10:45:27  AMD driver is running normally. No recovery needed.
2026-03-05 11:28:57  === GPU Recovery Check ===
2026-03-05 11:28:59  Device: PCI\VEN_1002&DEV_7551&SUBSYS_242F1458&REV_C0\6&385CDE9A&0&00000009
2026-03-05 11:28:59  Driver: AMD Radeon AI PRO R9700
2026-03-05 11:28:59  Status: OK
2026-03-05 11:28:59  AMD driver is running normally. No recovery needed.
2026-03-05 14:21:44  === GPU Recovery Check ===
2026-03-05 14:21:46  Device: PCI\VEN_1002&DEV_7551&SUBSYS_242F1458&REV_C0\6&385CDE9A&0&00000009
2026-03-05 14:21:46  Driver: AMD Radeon AI PRO R9700
2026-03-05 14:21:46  Status: OK
2026-03-05 14:21:46  AMD driver is running normally. No recovery needed.
2026-03-05 14:35:51  === GPU Recovery Check ===
2026-03-05 14:35:54  Device: PCI\VEN_1002&DEV_7551&SUBSYS_242F1458&REV_C0\6&385CDE9A&0&00000009
2026-03-05 14:35:54  Driver: AMD Radeon AI PRO R9700
2026-03-05 14:35:54  Status: OK
2026-03-05 14:35:54  AMD driver is running normally. No recovery needed.
2026-03-05 14:55:58  === GPU Recovery Check ===
2026-03-05 14:56:01  Device: PCI\VEN_1002&DEV_7551&SUBSYS_242F1458&REV_C0\6&385CDE9A&0&00000009
2026-03-05 14:56:01  Driver: AMD Radeon AI PRO R9700
2026-03-05 14:56:01  Status: UNKNOWN
2026-03-05 14:56:01  Device is unhealthy (UNKNOWN). Starting recovery...
2026-03-05 14:56:01  Restoring AMD display driver...
2026-03-05 15:01:07  === GPU Recovery Check ===
2026-03-05 15:01:09  Device: PCI\VEN_1002&DEV_7551&SUBSYS_242F1458&REV_C0\6&385CDE9A&0&00000009
2026-03-05 15:01:09  Driver: AMD Radeon AI PRO R9700
2026-03-05 15:01:09  Status: UNKNOWN
2026-03-05 15:01:09  Device is unhealthy (UNKNOWN). Starting recovery...
2026-03-05 15:01:09  Restoring AMD display driver...
2026-03-05 15:02:46  === GPU Recovery Check ===
2026-03-05 15:02:48  Device: PCI\VEN_1002&DEV_7551&SUBSYS_242F1458&REV_C0\6&385CDE9A&0&00000009
2026-03-05 15:02:48  Driver: AMD Radeon AI PRO R9700
2026-03-05 15:02:48  Status: UNKNOWN
2026-03-05 15:02:48  Device is unhealthy (UNKNOWN). Starting recovery...
2026-03-05 15:02:48  Restoring AMD display driver...
2026-03-05 15:06:27  === GPU Recovery Check ===
2026-03-05 15:06:32  Device: PCI\VEN_1002&DEV_7551&SUBSYS_242F1458&REV_C0\6&385CDE9A&0&00000009
2026-03-05 15:06:32  Driver: AMD Radeon AI PRO R9700
2026-03-05 15:06:32  Status: OK
2026-03-05 15:06:32  AMD driver is running normally. No recovery needed.
2026-03-05 15:17:09  === GPU Recovery Check ===
2026-03-05 15:17:12  Device: PCI\VEN_1002&DEV_7551&SUBSYS_242F1458&REV_C0\6&385CDE9A&0&00000009
2026-03-05 15:17:12  Driver: N/A
2026-03-05 15:17:12  Status: NOT_FOUND
2026-03-05 15:17:12  Device not found in PnP. Running rescan...
2026-03-05 15:17:18  After rescan: NOT_FOUND
2026-03-05 15:28:57  === GPU Recovery Check ===
2026-03-05 15:29:00  Device: PCI\VEN_1002&DEV_7551&SUBSYS_242F1458&REV_C0\6&385CDE9A&0&00000009
2026-03-05 15:29:00  Driver: N/A
2026-03-05 15:29:00  Status: NOT_FOUND
2026-03-05 15:29:00  Device not found in PnP. Running rescan...
2026-03-05 15:29:07  After rescan: NOT_FOUND
2026-03-05 15:45:29  === GPU Recovery Check ===
2026-03-05 15:45:32  Device: PCI\VEN_1002&DEV_7551&SUBSYS_242F1458&REV_C0\6&385CDE9A&0&00000009
2026-03-05 15:45:32  Driver: N/A
2026-03-05 15:45:32  Status: NOT_FOUND
2026-03-05 15:45:32  Device not found in PnP. Running rescan...
2026-03-05 15:45:38  After rescan: NOT_FOUND
2026-03-06 00:46:43  === GPU Recovery Check ===
2026-03-06 00:46:45  Device: PCI\VEN_1002&DEV_7551&SUBSYS_242F1458&REV_C0\6&385CDE9A&0&00000009
2026-03-06 00:46:45  Driver: N/A
2026-03-06 00:46:45  Status: NOT_FOUND
2026-03-06 00:46:45  Device not found in PnP. Running rescan...
2026-03-06 00:48:13  === GPU Recovery Check ===
2026-03-06 00:48:16  Device: PCI\VEN_1002&DEV_7551&SUBSYS_242F1458&REV_C0\6&385CDE9A&0&00000009
2026-03-06 00:48:16  Driver: N/A
2026-03-06 00:48:16  Status: NOT_FOUND
2026-03-06 00:48:16  Device not found in PnP. Running rescan...
2026-03-06 00:48:23  After rescan: NOT_FOUND
2026-03-05 17:21:21  === GPU Recovery Check ===
2026-03-05 17:21:24  Device: PCI\VEN_1002&DEV_7551&SUBSYS_242F1458&REV_C0\6&385CDE9A&0&00000009
2026-03-05 17:21:24  Driver: N/A
2026-03-05 17:21:24  Status: NOT_FOUND
2026-03-05 17:21:24  Device not found in PnP. Running rescan...
2026-03-05 17:21:30  After rescan: NOT_FOUND
2026-03-05 21:32:00  === GPU Recovery Check ===
2026-03-05 21:32:03  Device: PCI\VEN_1002&DEV_7551&SUBSYS_242F1458&REV_C0\6&385CDE9A&0&00000009
2026-03-05 21:32:03  Driver: N/A
2026-03-05 21:32:03  Status: NOT_FOUND
2026-03-05 21:32:03  Device not found in PnP. Running rescan...
2026-03-05 21:32:09  After rescan: NOT_FOUND
2026-03-05 22:27:39  === GPU Recovery Check ===
2026-03-05 22:27:42  Device: PCI\VEN_1002&DEV_7551&SUBSYS_242F1458&REV_C0\6&385CDE9A&0&00000009
2026-03-05 22:27:42  Driver: N/A
2026-03-05 22:27:42  Status: NOT_FOUND
2026-03-05 22:27:42  Device not found in PnP. Running rescan...
2026-03-05 22:27:48  After rescan: NOT_FOUND
2026-03-05 22:29:12  === GPU Recovery Check ===
2026-03-05 22:29:14  Device: PCI\VEN_1002&DEV_7551&SUBSYS_242F1458&REV_C0\6&385CDE9A&0&00000009
2026-03-05 22:29:14  Driver: N/A
2026-03-05 22:29:14  Status: NOT_FOUND
2026-03-05 22:29:14  Device not found in PnP. Running rescan...
2026-03-05 22:29:20  After rescan: NOT_FOUND
2026-03-06 00:12:09  === GPU Recovery Check ===
2026-03-06 00:12:12  Device: PCI\VEN_1002&DEV_7551&SUBSYS_242F1458&REV_C0\6&385CDE9A&0&00000009
2026-03-06 00:12:12  Driver: N/A
2026-03-06 00:12:12  Status: NOT_FOUND
2026-03-06 00:12:12  Device not found in PnP. Running rescan...
2026-03-06 00:12:18  After rescan: NOT_FOUND
2026-03-06 06:23:59  === GPU Recovery Check ===
2026-03-06 06:24:01  Device: PCI\VEN_1002&DEV_7551&SUBSYS_242F1458&REV_C0\6&385CDE9A&0&00000009
2026-03-06 06:24:01  Driver: N/A
2026-03-06 06:24:01  Status: NOT_FOUND
2026-03-06 06:24:01  Device not found in PnP. Running rescan...
2026-03-06 06:24:08  After rescan: NOT_FOUND
2026-03-06 09:23:34  === GPU Recovery Check ===
2026-03-06 09:23:36  Device: PCI\VEN_1002&DEV_7551&SUBSYS_242F1458&REV_C0\6&385CDE9A&0&00000009
2026-03-06 09:23:36  Driver: N/A
2026-03-06 09:23:36  Status: NOT_FOUND
2026-03-06 09:23:36  Device not found in PnP. Running rescan...
2026-03-06 09:23:42  After rescan: NOT_FOUND
2026-03-06 16:17:23  === GPU Recovery Check ===
2026-03-06 16:17:25  Device: PCI\VEN_1002&DEV_7551&SUBSYS_242F1458&REV_C0\6&385CDE9A&0&00000009
2026-03-06 16:17:25  Driver: N/A
2026-03-06 16:17:25  Status: NOT_FOUND
2026-03-06 16:17:25  Device not found in PnP. Running rescan...
2026-03-06 16:17:31  After rescan: NOT_FOUND
2026-03-06 16:35:53  === GPU Recovery Check ===
2026-03-06 16:35:58  Device: PCI\VEN_1002&DEV_7551&SUBSYS_242F1458&REV_C0\6&385CDE9A&0&00000009
2026-03-06 16:35:58  Driver: N/A
2026-03-06 16:35:58  Status: NOT_FOUND
2026-03-06 16:35:58  Device not found in PnP. Running rescan...
2026-03-06 16:36:04  After rescan: NOT_FOUND
2026-03-06 18:17:00  === GPU Recovery Check ===
2026-03-06 18:17:02  Device: PCI\VEN_1002&DEV_7551&SUBSYS_242F1458&REV_C0\6&385CDE9A&0&00000009
2026-03-06 18:17:02  Driver: N/A
2026-03-06 18:17:02  Status: NOT_FOUND
2026-03-06 18:17:02  Device not found in PnP. Running rescan...
2026-03-06 18:17:08  After rescan: NOT_FOUND
